<?xml version="1.0" encoding="UTF-8"?>
<testsuite xmlns:xsi="http://www.w3.org/2001/XMLSchema-instance" xsi:noNamespaceSchemaLocation="https://maven.apache.org/surefire/maven-surefire-plugin/xsd/surefire-test-report-3.0.xsd" version="3.0" name="com.example.crm.CrmApplicationTests" time="4.291" tests="1" errors="0" skipped="0" failures="0">
  <properties>
    <property name="java.specification.version" value="17"/>
    <property name="sun.cpu.isalist" value="amd64"/>
    <property name="sun.jnu.encoding" value="GBK"/>
    <property name="java.class.path" value="C:\Users\liuhaobin\Downloads\huike-crm-main\crm\target\test-classes;C:\Users\liuhaobin\Downloads\huike-crm-main\crm\target\classes;E:\data\code\maven_home\org\springframework\boot\spring-boot-starter-web\3.2.5\spring-boot-starter-web-3.2.5.jar;E:\data\code\maven_home\org\springframework\boot\spring-boot-starter\3.2.5\spring-boot-starter-3.2.5.jar;E:\data\code\maven_home\org\springframework\boot\spring-boot-autoconfigure\3.2.5\spring-boot-autoconfigure-3.2.5.jar;E:\data\code\maven_home\org\springframework\boot\spring-boot-starter-logging\3.2.5\spring-boot-starter-logging-3.2.5.jar;E:\data\code\maven_home\ch\qos\logback\logback-classic\1.4.14\logback-classic-1.4.14.jar;E:\data\code\maven_home\ch\qos\logback\logback-core\1.4.14\logback-core-1.4.14.jar;E:\data\code\maven_home\org\apache\logging\log4j\log4j-to-slf4j\2.21.1\log4j-to-slf4j-2.21.1.jar;E:\data\code\maven_home\org\apache\logging\log4j\log4j-api\2.21.1\log4j-api-2.21.1.jar;E:\data\code\maven_home\org\slf4j\jul-to-slf4j\2.0.13\jul-to-slf4j-2.0.13.jar;E:\data\code\maven_home\jakarta\annotation\jakarta.annotation-api\2.1.1\jakarta.annotation-api-2.1.1.jar;E:\data\code\maven_home\org\yaml\snakeyaml\2.2\snakeyaml-2.2.jar;E:\data\code\maven_home\org\springframework\boot\spring-boot-starter-json\3.2.5\spring-boot-starter-json-3.2.5.jar;E:\data\code\maven_home\com\fasterxml\jackson\core\jackson-databind\2.15.4\jackson-databind-2.15.4.jar;E:\data\code\maven_home\com\fasterxml\jackson\core\jackson-annotations\2.15.4\jackson-annotations-2.15.4.jar;E:\data\code\maven_home\com\fasterxml\jackson\core\jackson-core\2.15.4\jackson-core-2.15.4.jar;E:\data\code\maven_home\com\fasterxml\jackson\datatype\jackson-datatype-jdk8\2.15.4\jackson-datatype-jdk8-2.15.4.jar;E:\data\code\maven_home\com\fasterxml\jackson\datatype\jackson-datatype-jsr310\2.15.4\jackson-datatype-jsr310-2.15.4.jar;E:\data\code\maven_home\com\fasterxml\jackson\module\jackson-module-parameter-names\2.15.4\jackson-module-parameter-names-2.15.4.jar;E:\data\code\maven_home\org\springframework\boot\spring-boot-starter-tomcat\3.2.5\spring-boot-starter-tomcat-3.2.5.jar;E:\data\code\maven_home\org\apache\tomcat\embed\tomcat-embed-core\10.1.20\tomcat-embed-core-10.1.20.jar;E:\data\code\maven_home\org\apache\tomcat\embed\tomcat-embed-el\10.1.20\tomcat-embed-el-10.1.20.jar;E:\data\code\maven_home\org\apache\tomcat\embed\tomcat-embed-websocket\10.1.20\tomcat-embed-websocket-10.1.20.jar;E:\data\code\maven_home\org\springframework\spring-web\6.1.6\spring-web-6.1.6.jar;E:\data\code\maven_home\org\springframework\spring-beans\6.1.6\spring-beans-6.1.6.jar;E:\data\code\maven_home\io\micrometer\micrometer-observation\1.12.5\micrometer-observation-1.12.5.jar;E:\data\code\maven_home\io\micrometer\micrometer-commons\1.12.5\micrometer-commons-1.12.5.jar;E:\data\code\maven_home\org\springframework\spring-webmvc\6.1.6\spring-webmvc-6.1.6.jar;E:\data\code\maven_home\org\springframework\spring-aop\6.1.6\spring-aop-6.1.6.jar;E:\data\code\maven_home\org\springframework\spring-context\6.1.6\spring-context-6.1.6.jar;E:\data\code\maven_home\org\springframework\spring-expression\6.1.6\spring-expression-6.1.6.jar;E:\data\code\maven_home\org\mybatis\spring\boot\mybatis-spring-boot-starter\3.0.3\mybatis-spring-boot-starter-3.0.3.jar;E:\data\code\maven_home\org\springframework\boot\spring-boot-starter-jdbc\3.2.5\spring-boot-starter-jdbc-3.2.5.jar;E:\data\code\maven_home\com\zaxxer\HikariCP\5.0.1\HikariCP-5.0.1.jar;E:\data\code\maven_home\org\springframework\spring-jdbc\6.1.6\spring-jdbc-6.1.6.jar;E:\data\code\maven_home\org\mybatis\spring\boot\mybatis-spring-boot-autoconfigure\3.0.3\mybatis-spring-boot-autoconfigure-3.0.3.jar;E:\data\code\maven_home\org\mybatis\mybatis\3.5.14\mybatis-3.5.14.jar;E:\data\code\maven_home\com\mysql\mysql-connector-j\8.3.0\mysql-connector-j-8.3.0.jar;E:\data\code\maven_home\org\projectlombok\lombok\1.18.32\lombok-1.18.32.jar;E:\data\code\maven_home\org\springframework\boot\spring-boot-starter-test\3.2.5\spring-boot-starter-test-3.2.5.jar;E:\data\code\maven_home\org\springframework\boot\spring-boot-test-autoconfigure\3.2.5\spring-boot-test-autoconfigure-3.2.5.jar;E:\data\code\maven_home\com\jayway\jsonpath\json-path\2.9.0\json-path-2.9.0.jar;E:\data\code\maven_home\org\slf4j\slf4j-api\2.0.13\slf4j-api-2.0.13.jar;E:\data\code\maven_home\jakarta\xml\bind\jakarta.xml.bind-api\4.0.2\jakarta.xml.bind-api-4.0.2.jar;E:\data\code\maven_home\jakarta\activation\jakarta.activation-api\2.1.3\jakarta.activation-api-2.1.3.jar;E:\data\code\maven_home\net\minidev\json-smart\2.5.1\json-smart-2.5.1.jar;E:\data\code\maven_home\net\minidev\accessors-smart\2.5.1\accessors-smart-2.5.1.jar;E:\data\code\maven_home\org\ow2\asm\asm\9.6\asm-9.6.jar;E:\data\code\maven_home\org\assertj\assertj-core\3.24.2\assertj-core-3.24.2.jar;E:\data\code\maven_home\net\bytebuddy\byte-buddy\1.14.13\byte-buddy-1.14.13.jar;E:\data\code\maven_home\org\awaitility\awaitility\4.2.1\awaitility-4.2.1.jar;E:\data\code\maven_home\org\hamcrest\hamcrest\2.2\hamcrest-2.2.jar;E:\data\code\maven_home\org\junit\jupiter\junit-jupiter\5.10.2\junit-jupiter-5.10.2.jar;E:\data\code\maven_home\org\junit\jupiter\junit-jupiter-api\5.10.2\junit-jupiter-api-5.10.2.jar;E:\data\code\maven_home\org\opentest4j\opentest4j\1.3.0\opentest4j-1.3.0.jar;E:\data\code\maven_home\org\junit\platform\junit-platform-commons\1.10.2\junit-platform-commons-1.10.2.jar;E:\data\code\maven_home\org\apiguardian\apiguardian-api\1.1.2\apiguardian-api-1.1.2.jar;E:\data\code\maven_home\org\junit\jupiter\junit-jupiter-params\5.10.2\junit-jupiter-params-5.10.2.jar;E:\data\code\maven_home\org\junit\jupiter\junit-jupiter-engine\5.10.2\junit-jupiter-engine-5.10.2.jar;E:\data\code\maven_home\org\junit\platform\junit-platform-engine\1.10.2\junit-platform-engine-1.10.2.jar;E:\data\code\maven_home\org\mockito\mockito-core\5.7.0\mockito-core-5.7.0.jar;E:\data\code\maven_home\net\bytebuddy\byte-buddy-agent\1.14.13\byte-buddy-agent-1.14.13.jar;E:\data\code\maven_home\org\objenesis\objenesis\3.3\objenesis-3.3.jar;E:\data\code\maven_home\org\mockito\mockito-junit-jupiter\5.7.0\mockito-junit-jupiter-5.7.0.jar;E:\data\code\maven_home\org\skyscreamer\jsonassert\1.5.1\jsonassert-1.5.1.jar;E:\data\code\maven_home\com\vaadin\external\google\android-json\0.0.20131108.vaadin1\android-json-0.0.20131108.vaadin1.jar;E:\data\code\maven_home\org\springframework\spring-core\6.1.6\spring-core-6.1.6.jar;E:\data\code\maven_home\org\springframework\spring-jcl\6.1.6\spring-jcl-6.1.6.jar;E:\data\code\maven_home\org\springframework\spring-test\6.1.6\spring-test-6.1.6.jar;E:\data\code\maven_home\org\xmlunit\xmlunit-core\2.9.1\xmlunit-core-2.9.1.jar;E:\data\code\maven_home\org\mybatis\spring\boot\mybatis-spring-boot-starter-test\3.0.3\mybatis-spring-boot-starter-test-3.0.3.jar;E:\data\code\maven_home\org\mybatis\spring\boot\mybatis-spring-boot-test-autoconfigure\3.0.3\mybatis-spring-boot-test-autoconfigure-3.0.3.jar;E:\data\code\maven_home\org\springframework\spring-tx\6.1.6\spring-tx-6.1.6.jar;E:\data\code\maven_home\org\mybatis\mybatis-spring\3.0.3\mybatis-spring-3.0.3.jar;E:\data\code\maven_home\org\springframework\boot\spring-boot-test\3.2.5\spring-boot-test-3.2.5.jar;E:\data\code\maven_home\org\springframework\boot\spring-boot\3.2.5\spring-boot-3.2.5.jar;E:\data\code\maven_home\junit\junit\4.13.2\junit-4.13.2.jar;E:\data\code\maven_home\org\hamcrest\hamcrest-core\2.2\hamcrest-core-2.2.jar;"/>
    <property name="java.vm.vendor" value="Amazon.com Inc."/>
    <property name="sun.arch.data.model" value="64"/>
    <property name="user.variant" value=""/>
    <property name="java.vendor.url" value="https://aws.amazon.com/corretto/"/>
    <property name="user.timezone" value="Asia/Shanghai"/>
    <property name="os.name" value="Windows 11"/>
    <property name="java.vm.specification.version" value="17"/>
    <property name="sun.java.launcher" value="SUN_STANDARD"/>
    <property name="user.country" value="CN"/>
    <property name="sun.boot.library.path" value="C:\Users\liuhaobin\.jdks\corretto-17.0.11\bin"/>
    <property name="sun.java.command" value="C:\Users\liuhaobin\AppData\Local\Temp\surefire13137758435250743762\surefirebooter-20240510011405269_3.jar C:\Users\liuhaobin\AppData\Local\Temp\surefire13137758435250743762 2024-05-10T01-14-05_040-jvmRun1 surefire-20240510011405269_1tmp surefire_0-20240510011405269_2tmp"/>
    <property name="jdk.debug" value="release"/>
    <property name="surefire.test.class.path" value="C:\Users\liuhaobin\Downloads\huike-crm-main\crm\target\test-classes;C:\Users\liuhaobin\Downloads\huike-crm-main\crm\target\classes;E:\data\code\maven_home\org\springframework\boot\spring-boot-starter-web\3.2.5\spring-boot-starter-web-3.2.5.jar;E:\data\code\maven_home\org\springframework\boot\spring-boot-starter\3.2.5\spring-boot-starter-3.2.5.jar;E:\data\code\maven_home\org\springframework\boot\spring-boot-autoconfigure\3.2.5\spring-boot-autoconfigure-3.2.5.jar;E:\data\code\maven_home\org\springframework\boot\spring-boot-starter-logging\3.2.5\spring-boot-starter-logging-3.2.5.jar;E:\data\code\maven_home\ch\qos\logback\logback-classic\1.4.14\logback-classic-1.4.14.jar;E:\data\code\maven_home\ch\qos\logback\logback-core\1.4.14\logback-core-1.4.14.jar;E:\data\code\maven_home\org\apache\logging\log4j\log4j-to-slf4j\2.21.1\log4j-to-slf4j-2.21.1.jar;E:\data\code\maven_home\org\apache\logging\log4j\log4j-api\2.21.1\log4j-api-2.21.1.jar;E:\data\code\maven_home\org\slf4j\jul-to-slf4j\2.0.13\jul-to-slf4j-2.0.13.jar;E:\data\code\maven_home\jakarta\annotation\jakarta.annotation-api\2.1.1\jakarta.annotation-api-2.1.1.jar;E:\data\code\maven_home\org\yaml\snakeyaml\2.2\snakeyaml-2.2.jar;E:\data\code\maven_home\org\springframework\boot\spring-boot-starter-json\3.2.5\spring-boot-starter-json-3.2.5.jar;E:\data\code\maven_home\com\fasterxml\jackson\core\jackson-databind\2.15.4\jackson-databind-2.15.4.jar;E:\data\code\maven_home\com\fasterxml\jackson\core\jackson-annotations\2.15.4\jackson-annotations-2.15.4.jar;E:\data\code\maven_home\com\fasterxml\jackson\core\jackson-core\2.15.4\jackson-core-2.15.4.jar;E:\data\code\maven_home\com\fasterxml\jackson\datatype\jackson-datatype-jdk8\2.15.4\jackson-datatype-jdk8-2.15.4.jar;E:\data\code\maven_home\com\fasterxml\jackson\datatype\jackson-datatype-jsr310\2.15.4\jackson-datatype-jsr310-2.15.4.jar;E:\data\code\maven_home\com\fasterxml\jackson\module\jackson-module-parameter-names\2.15.4\jackson-module-parameter-names-2.15.4.jar;E:\data\code\maven_home\org\springframework\boot\spring-boot-starter-tomcat\3.2.5\spring-boot-starter-tomcat-3.2.5.jar;E:\data\code\maven_home\org\apache\tomcat\embed\tomcat-embed-core\10.1.20\tomcat-embed-core-10.1.20.jar;E:\data\code\maven_home\org\apache\tomcat\embed\tomcat-embed-el\10.1.20\tomcat-embed-el-10.1.20.jar;E:\data\code\maven_home\org\apache\tomcat\embed\tomcat-embed-websocket\10.1.20\tomcat-embed-websocket-10.1.20.jar;E:\data\code\maven_home\org\springframework\spring-web\6.1.6\spring-web-6.1.6.jar;E:\data\code\maven_home\org\springframework\spring-beans\6.1.6\spring-beans-6.1.6.jar;E:\data\code\maven_home\io\micrometer\micrometer-observation\1.12.5\micrometer-observation-1.12.5.jar;E:\data\code\maven_home\io\micrometer\micrometer-commons\1.12.5\micrometer-commons-1.12.5.jar;E:\data\code\maven_home\org\springframework\spring-webmvc\6.1.6\spring-webmvc-6.1.6.jar;E:\data\code\maven_home\org\springframework\spring-aop\6.1.6\spring-aop-6.1.6.jar;E:\data\code\maven_home\org\springframework\spring-context\6.1.6\spring-context-6.1.6.jar;E:\data\code\maven_home\org\springframework\spring-expression\6.1.6\spring-expression-6.1.6.jar;E:\data\code\maven_home\org\mybatis\spring\boot\mybatis-spring-boot-starter\3.0.3\mybatis-spring-boot-starter-3.0.3.jar;E:\data\code\maven_home\org\springframework\boot\spring-boot-starter-jdbc\3.2.5\spring-boot-starter-jdbc-3.2.5.jar;E:\data\code\maven_home\com\zaxxer\HikariCP\5.0.1\HikariCP-5.0.1.jar;E:\data\code\maven_home\org\springframework\spring-jdbc\6.1.6\spring-jdbc-6.1.6.jar;E:\data\code\maven_home\org\mybatis\spring\boot\mybatis-spring-boot-autoconfigure\3.0.3\mybatis-spring-boot-autoconfigure-3.0.3.jar;E:\data\code\maven_home\org\mybatis\mybatis\3.5.14\mybatis-3.5.14.jar;E:\data\code\maven_home\com\mysql\mysql-connector-j\8.3.0\mysql-connector-j-8.3.0.jar;E:\data\code\maven_home\org\projectlombok\lombok\1.18.32\lombok-1.18.32.jar;E:\data\code\maven_home\org\springframework\boot\spring-boot-starter-test\3.2.5\spring-boot-starter-test-3.2.5.jar;E:\data\code\maven_home\org\springframework\boot\spring-boot-test-autoconfigure\3.2.5\spring-boot-test-autoconfigure-3.2.5.jar;E:\data\code\maven_home\com\jayway\jsonpath\json-path\2.9.0\json-path-2.9.0.jar;E:\data\code\maven_home\org\slf4j\slf4j-api\2.0.13\slf4j-api-2.0.13.jar;E:\data\code\maven_home\jakarta\xml\bind\jakarta.xml.bind-api\4.0.2\jakarta.xml.bind-api-4.0.2.jar;E:\data\code\maven_home\jakarta\activation\jakarta.activation-api\2.1.3\jakarta.activation-api-2.1.3.jar;E:\data\code\maven_home\net\minidev\json-smart\2.5.1\json-smart-2.5.1.jar;E:\data\code\maven_home\net\minidev\accessors-smart\2.5.1\accessors-smart-2.5.1.jar;E:\data\code\maven_home\org\ow2\asm\asm\9.6\asm-9.6.jar;E:\data\code\maven_home\org\assertj\assertj-core\3.24.2\assertj-core-3.24.2.jar;E:\data\code\maven_home\net\bytebuddy\byte-buddy\1.14.13\byte-buddy-1.14.13.jar;E:\data\code\maven_home\org\awaitility\awaitility\4.2.1\awaitility-4.2.1.jar;E:\data\code\maven_home\org\hamcrest\hamcrest\2.2\hamcrest-2.2.jar;E:\data\code\maven_home\org\junit\jupiter\junit-jupiter\5.10.2\junit-jupiter-5.10.2.jar;E:\data\code\maven_home\org\junit\jupiter\junit-jupiter-api\5.10.2\junit-jupiter-api-5.10.2.jar;E:\data\code\maven_home\org\opentest4j\opentest4j\1.3.0\opentest4j-1.3.0.jar;E:\data\code\maven_home\org\junit\platform\junit-platform-commons\1.10.2\junit-platform-commons-1.10.2.jar;E:\data\code\maven_home\org\apiguardian\apiguardian-api\1.1.2\apiguardian-api-1.1.2.jar;E:\data\code\maven_home\org\junit\jupiter\junit-jupiter-params\5.10.2\junit-jupiter-params-5.10.2.jar;E:\data\code\maven_home\org\junit\jupiter\junit-jupiter-engine\5.10.2\junit-jupiter-engine-5.10.2.jar;E:\data\code\maven_home\org\junit\platform\junit-platform-engine\1.10.2\junit-platform-engine-1.10.2.jar;E:\data\code\maven_home\org\mockito\mockito-core\5.7.0\mockito-core-5.7.0.jar;E:\data\code\maven_home\net\bytebuddy\byte-buddy-agent\1.14.13\byte-buddy-agent-1.14.13.jar;E:\data\code\maven_home\org\objenesis\objenesis\3.3\objenesis-3.3.jar;E:\data\code\maven_home\org\mockito\mockito-junit-jupiter\5.7.0\mockito-junit-jupiter-5.7.0.jar;E:\data\code\maven_home\org\skyscreamer\jsonassert\1.5.1\jsonassert-1.5.1.jar;E:\data\code\maven_home\com\vaadin\external\google\android-json\0.0.20131108.vaadin1\android-json-0.0.20131108.vaadin1.jar;E:\data\code\maven_home\org\springframework\spring-core\6.1.6\spring-core-6.1.6.jar;E:\data\code\maven_home\org\springframework\spring-jcl\6.1.6\spring-jcl-6.1.6.jar;E:\data\code\maven_home\org\springframework\spring-test\6.1.6\spring-test-6.1.6.jar;E:\data\code\maven_home\org\xmlunit\xmlunit-core\2.9.1\xmlunit-core-2.9.1.jar;E:\data\code\maven_home\org\mybatis\spring\boot\mybatis-spring-boot-starter-test\3.0.3\mybatis-spring-boot-starter-test-3.0.3.jar;E:\data\code\maven_home\org\mybatis\spring\boot\mybatis-spring-boot-test-autoconfigure\3.0.3\mybatis-spring-boot-test-autoconfigure-3.0.3.jar;E:\data\code\maven_home\org\springframework\spring-tx\6.1.6\spring-tx-6.1.6.jar;E:\data\code\maven_home\org\mybatis\mybatis-spring\3.0.3\mybatis-spring-3.0.3.jar;E:\data\code\maven_home\org\springframework\boot\spring-boot-test\3.2.5\spring-boot-test-3.2.5.jar;E:\data\code\maven_home\org\springframework\boot\spring-boot\3.2.5\spring-boot-3.2.5.jar;E:\data\code\maven_home\junit\junit\4.13.2\junit-4.13.2.jar;E:\data\code\maven_home\org\hamcrest\hamcrest-core\2.2\hamcrest-core-2.2.jar;"/>
    <property name="sun.cpu.endian" value="little"/>
    <property name="user.home" value="C:\Users\liuhaobin"/>
    <property name="user.language" value="zh"/>
    <property name="java.specification.vendor" value="Oracle Corporation"/>
    <property name="java.version.date" value="2024-04-16"/>
    <property name="java.home" value="C:\Users\liuhaobin\.jdks\corretto-17.0.11"/>
    <property name="file.separator" value="\"/>
    <property name="basedir" value="C:\Users\liuhaobin\Downloads\huike-crm-main\crm"/>
    <property name="java.vm.compressedOopsMode" value="Zero based"/>
    <property name="line.separator" value="&#10;"/>
    <property name="java.vm.specification.vendor" value="Oracle Corporation"/>
    <property name="java.specification.name" value="Java Platform API Specification"/>
    <property name="FILE_LOG_CHARSET" value="GBK"/>
    <property name="java.awt.headless" value="true"/>
    <property name="surefire.real.class.path" value="C:\Users\liuhaobin\AppData\Local\Temp\surefire13137758435250743762\surefirebooter-20240510011405269_3.jar"/>
    <property name="user.script" value=""/>
    <property name="sun.management.compiler" value="HotSpot 64-Bit Tiered Compilers"/>
    <property name="java.runtime.version" value="17.0.11+9-LTS"/>
    <property name="user.name" value="liuhaobin"/>
    <property name="path.separator" value=";"/>
    <property name="os.version" value="10.0"/>
    <property name="java.runtime.name" value="OpenJDK Runtime Environment"/>
    <property name="file.encoding" value="GBK"/>
    <property name="java.vm.name" value="OpenJDK 64-Bit Server VM"/>
    <property name="java.vendor.version" value="Corretto-17.0.11.9.1"/>
    <property name="localRepository" value="E:\data\code\maven_home"/>
    <property name="java.vendor.url.bug" value="https://github.com/corretto/corretto-17/issues/"/>
    <property name="java.io.tmpdir" value="C:\Users\LIUHAO~1\AppData\Local\Temp\"/>
    <property name="idea.version" value="2023.2.3"/>
    <property name="java.version" value="17.0.11"/>
    <property name="user.dir" value="C:\Users\liuhaobin\Downloads\huike-crm-main\crm"/>
    <property name="os.arch" value="amd64"/>
    <property name="java.vm.specification.name" value="Java Virtual Machine Specification"/>
    <property name="PID" value="42392"/>
    <property name="sun.os.patch.level" value=""/>
    <property name="CONSOLE_LOG_CHARSET" value="GBK"/>
    <property name="native.encoding" value="GBK"/>
    <property name="java.library.path" value="C:\Users\liuhaobin\.jdks\corretto-17.0.11\bin;C:\WINDOWS\Sun\Java\bin;C:\WINDOWS\system32;C:\WINDOWS;C:\Program Files\Microsoft\jdk-11.0.16.101-hotspot\bin;C:\Program Files (x86)\Common Files\MVS\Runtime\Win32_i86;C:\Program Files (x86)\Common Files\MVS\Runtime\Win64_x64;C:\Program Files (x86)\NVIDIA Corporation\PhysX\Common;C:\Program Files\Eclipse Foundation\jdk-8.0.302.8-hotspot\bin;C:\Program Files (x86)\VMware\VMware Workstation\bin\;C:\WINDOWS\system32;C:\WINDOWS;C:\WINDOWS\System32\Wbem;C:\WINDOWS\System32\WindowsPowerShell\v1.0\;C:\WINDOWS\System32\OpenSSH\;C:\Program Files\MVTec\HALCON-18.11-Steady\bin\x64-win64;C:\Program Files\Docker\Docker\resources\bin;C:\Program Files (x86)\NetSarang\Xftp 7\;C:\Program Files (x86)\NetSarang\Xshell 7\;C:\app\cudnn-windows-x86_64-8.4.0.27_cuda10.2-archive\cudnn-windows-x86_64-8.4.0.27_cuda10.2-archive\bin;C:\app\cudnn-windows-x86_64-8.4.0.27_cuda10.2-archive\cudnn-windows-x86_64-8.4.0.27_cuda10.2-archive\lib;G:\idea\apache-maven-3.9.2-bin\apache-maven-3.9.2\bin;C:\Program Files\Git\cmd;C:\Program Files\TortoiseGit\bin;C:\Program Files\Calibre2\;C:\Program Files\dotnet\;C:\Program Files (x86)\IncrediBuild;C:\Program Files\MATLAB\R2023a\runtime\win64;C:\Program Files\MATLAB\R2023a\bin;C:\Program Files\Microsoft SQL Server\Client SDK\ODBC\170\Tools\Binn\;C:\Program Files (x86)\Microsoft SQL Server\150\Tools\Binn\;C:\Program Files\Microsoft SQL Server\150\Tools\Binn\;C:\Program Files\Microsoft SQL Server\150\DTS\Binn\;C:\Program Files (x86)\Windows Kits\8.1\Windows Performance Toolkit\;C:\ProgramData\ComposerSetup\bin;C:\Program Files\nodejs;C:\Program Files\Git\usr\bin;C:\Users\liuhaobin\Documents\code\opencv\build\x64\vc15\bin;C:\Program Files (x86)\Windows Kits\10\Windows Performance Toolkit\;C:\Program Files\NVIDIA Corporation\Nsight Compute 2022.1.0\;C:\Program Files\NVIDIA GPU Computing Toolkit\CUDA\v11.6\bin;C:\WINDOWS\system32;C:\WINDOWS;C:\WINDOWS\System32\Wbem;C:\WINDOWS\System32\WindowsPowerShell\v1.0\;C:\WINDOWS\System32\OpenSSH\;D:\phpstudy_pro\Extensions\php\php7.3.4nts;C:\app\cv\bin;D:\phpstudy_pro\Extensions\php\php8.0.2nts;C:\app\zig-windows-x86_64-0.12.0-dev.1297+a9e66ed73;C:\app\lua\lua\lua-5.4.2_Win64_bin;C:\app\gradle-8.4\bin;C:\Program Files (x86)\MASM 6.x;C:\Program Files\mingw64\bin;C:\Program Files (x86)\Tencent\微信web开发者工具\dll;;C:\Program Files\Microsoft SQL Server\130\Tools\Binn\;C:\Program Files\Microsoft SQL Server\110\Tools\Binn\;C:\Users\liuhaobin\.dnx\bin;C:\Program Files\Microsoft DNX\Dnvm\;C:\Program Files (x86)\Microsoft Emulator Manager\1.0\;C:\Program Files\Cognex\VisionPro\bin;C:\Program Files\Common Files\Pleora\eBUS SDK;C:\Program Files\nodejs\;C:\Program Files\Vagrant\bin;C:\Program Files\Microsoft VS Code\bin;C:\Program Files\Redis\;C:\Program Files\Go\bin;C:\Users\liuhaobin\AppData\Local\pnpm;C:\Program Files\MySQL\MySQL Shell 8.0\bin\;C:\RailsInstaller\Git\cmd;C:\RailsInstaller\Ruby2.3.3\bin;C:\Users\liuhaobin\.cargo\bin;C:\Users\liuhaobin\AppData\Local\Microsoft\WindowsApps;C:\Users\liuhaobin\.dotnet\tools;C:\Users\liuhaobin\AppData\Roaming\Composer\vendor\bin;C:\Qt\Tools\CMake_64\bin;C:\Program Files\JetBrains\CLion 2023.2.2\bin;;C:\Program Files\JetBrains\GoLand 2022.2.2\bin;;C:\Program Files\JetBrains\WebStorm 2022.2.2\bin;;C:\Program Files\JetBrains\PhpStorm 2021.3.3\bin;;;C:\Program Files\JetBrains\PyCharm 2024.1.1\bin;;C:\Program Files\JetBrains\IntelliJ IDEA Community Edition 2023.3\bin;;C:\Program Files\JetBrains\IntelliJ IDEA 2023.2.3\bin;;C:\Users\liuhaobin\AppData\Roaming\npm;C:\app\devEco4\DevEco Studio\bin;;C:\Users\liuhaobin\go\bin;."/>
    <property name="java.vm.info" value="mixed mode, sharing"/>
    <property name="java.vendor" value="Amazon.com Inc."/>
    <property name="java.vm.version" value="17.0.11+9-LTS"/>
    <property name="sun.io.unicode.encoding" value="UnicodeLittle"/>
    <property name="java.class.version" value="61.0"/>
    <property name="LOGGED_APPLICATION_NAME" value="[crm] "/>
  </properties>
  <testcase name="contextLoads" classname="com.example.crm.CrmApplicationTests" time="1.055">
    <system-out><![CDATA[01:14:06.240 [main] INFO org.springframework.test.context.support.AnnotationConfigContextLoaderUtils -- Could not detect default configuration classes for test class [com.example.crm.CrmApplicationTests]: CrmApplicationTests does not declare any static, non-private, non-final, nested classes annotated with @Configuration.
01:14:06.341 [main] INFO org.springframework.boot.test.context.SpringBootTestContextBootstrapper -- Found @SpringBootConfiguration com.example.crm.CrmApplication for test class com.example.crm.CrmApplicationTests

  .   ____          _            __ _ _
 /\\ / ___'_ __ _ _(_)_ __  __ _ \ \ \ \
( ( )\___ | '_ | '_| | '_ \/ _` | \ \ \ \
 \\/  ___)| |_)| | | | | || (_| |  ) ) ) )
  '  |____| .__|_| |_|_| |_\__, | / / / /
 =========|_|==============|___/=/_/_/_/
 :: Spring Boot ::                (v3.2.5)

2024-05-10T01:14:06.902+08:00  INFO 42392 --- [crm] [           main] com.example.crm.CrmApplicationTests      : Starting CrmApplicationTests using Java 17.0.11 with PID 42392 (started by liuhaobin in C:\Users\liuhaobin\Downloads\huike-crm-main\crm)
2024-05-10T01:14:06.905+08:00  INFO 42392 --- [crm] [           main] com.example.crm.CrmApplicationTests      : No active profile set, falling back to 1 default profile: "default"
2024-05-10T01:14:09.294+08:00  INFO 42392 --- [crm] [           main] com.example.crm.CrmApplicationTests      : Started CrmApplicationTests in 2.684 seconds (process running for 3.893)
]]></system-out>
  </testcase>
</testsuite>